[debug] [2024-06-11T13:18:50.759Z] ----------------------------------------------------------------------
[debug] [2024-06-11T13:18:50.762Z] Command:       C:\Program Files\nodejs\node.exe C:\Users\User\AppData\Roaming\npm\node_modules\firebase-tools\lib\bin\firebase.js init
[debug] [2024-06-11T13:18:50.762Z] CLI Version:   13.11.2
[debug] [2024-06-11T13:18:50.762Z] Platform:      win32
[debug] [2024-06-11T13:18:50.762Z] Node Version:  v20.12.2
[debug] [2024-06-11T13:18:50.763Z] Time:          Tue Jun 11 2024 21:18:50 GMT+0800 (Malaysia Time)
[debug] [2024-06-11T13:18:50.763Z] ----------------------------------------------------------------------
[debug] 
[debug] [2024-06-11T13:18:50.769Z] > command requires scopes: ["email","openid","https://www.googleapis.com/auth/cloudplatformprojects.readonly","https://www.googleapis.com/auth/firebase","https://www.googleapis.com/auth/cloud-platform"]
[debug] [2024-06-11T13:18:50.769Z] > authorizing via signed-in user (minghong0964@gmail.com)
[info] 
     ######## #### ########  ######## ########     ###     ######  ########
     ##        ##  ##     ## ##       ##     ##  ##   ##  ##       ##
     ######    ##  ########  ######   ########  #########  ######  ######
     ##        ##  ##    ##  ##       ##     ## ##     ##       ## ##
     ##       #### ##     ## ######## ########  ##     ##  ######  ########

You're about to initialize a Firebase project in this directory:

  C:\laragon\www\admin-iot

Before we get started, keep in mind:

  * You are currently outside your home directory

[info] 
=== Project Setup
[info] 
[info] First, let's associate this project directory with a Firebase project.
[info] You can create multiple project aliases by running firebase use --add, 
[info] but for now we'll just set up a default project.
[info] 
[debug] [2024-06-11T13:19:08.086Z] >>> [apiv2][query] GET https://firebase.googleapis.com/v1beta1/projects pageSize=100
[debug] [2024-06-11T13:19:08.729Z] <<< [apiv2][status] GET https://firebase.googleapis.com/v1beta1/projects 200
[debug] [2024-06-11T13:19:08.729Z] <<< [apiv2][body] GET https://firebase.googleapis.com/v1beta1/projects [omitted]
[info] i  Using project fyp-iot-dff3a (FYP-iot) 
[info] 
=== Database Setup
[info] i  database: ensuring required API firebasedatabase.googleapis.com is enabled... 
[debug] [2024-06-11T13:19:08.738Z] >>> [apiv2][query] GET https://serviceusage.googleapis.com/v1/projects/fyp-iot-dff3a/services/firebasedatabase.googleapis.com [none]
[debug] [2024-06-11T13:19:08.738Z] >>> [apiv2][(partial)header] GET https://serviceusage.googleapis.com/v1/projects/fyp-iot-dff3a/services/firebasedatabase.googleapis.com x-goog-quota-user=projects/fyp-iot-dff3a
[debug] [2024-06-11T13:19:10.190Z] <<< [apiv2][status] GET https://serviceusage.googleapis.com/v1/projects/fyp-iot-dff3a/services/firebasedatabase.googleapis.com 200
[debug] [2024-06-11T13:19:10.190Z] <<< [apiv2][body] GET https://serviceusage.googleapis.com/v1/projects/fyp-iot-dff3a/services/firebasedatabase.googleapis.com [omitted]
[info] +  database: required API firebasedatabase.googleapis.com is enabled 
[info] 
[debug] [2024-06-11T13:19:10.191Z] >>> [apiv2][query] GET https://firebasedatabase.googleapis.com/v1beta/projects/fyp-iot-dff3a/locations/-/instances/fyp-iot-dff3a-default-rtdb [none]
[debug] [2024-06-11T13:19:11.591Z] <<< [apiv2][status] GET https://firebasedatabase.googleapis.com/v1beta/projects/fyp-iot-dff3a/locations/-/instances/fyp-iot-dff3a-default-rtdb 200
[debug] [2024-06-11T13:19:11.591Z] <<< [apiv2][body] GET https://firebasedatabase.googleapis.com/v1beta/projects/fyp-iot-dff3a/locations/-/instances/fyp-iot-dff3a-default-rtdb {"name":"projects/683844098111/locations/asia-southeast1/instances/fyp-iot-dff3a-default-rtdb","project":"projects/683844098111","databaseUrl":"https://fyp-iot-dff3a-default-rtdb.asia-southeast1.firebasedatabase.app","type":"DEFAULT_DATABASE","state":"ACTIVE"}
[info] 
[info] Firebase Realtime Database Security Rules allow you to define how your data should be
[info] structured and when your data can be read from and written to.
[info] 
[debug] [2024-06-11T13:19:17.933Z] >>> [apiv2][query] GET https://fyp-iot-dff3a-default-rtdb.asia-southeast1.firebasedatabase.app/.settings/rules.json [none]
[debug] [2024-06-11T13:19:18.261Z] <<< [apiv2][status] GET https://fyp-iot-dff3a-default-rtdb.asia-southeast1.firebasedatabase.app/.settings/rules.json 200
[debug] [2024-06-11T13:19:18.261Z] <<< [apiv2][body] GET https://fyp-iot-dff3a-default-rtdb.asia-southeast1.firebasedatabase.app/.settings/rules.json [stream]
[info] +  Database Rules for fyp-iot-dff3a-default-rtdb have been written to database.rules.json. 
[info] Future modifications to database.rules.json will update Realtime Database Security Rules when you run
[info] firebase deploy.
[info] 
=== Firestore Setup
[debug] [2024-06-11T13:19:18.264Z] >>> [apiv2][query] GET https://serviceusage.googleapis.com/v1/projects/fyp-iot-dff3a/services/firestore.googleapis.com [none]
[debug] [2024-06-11T13:19:18.264Z] >>> [apiv2][(partial)header] GET https://serviceusage.googleapis.com/v1/projects/fyp-iot-dff3a/services/firestore.googleapis.com x-goog-quota-user=projects/fyp-iot-dff3a
[debug] [2024-06-11T13:19:19.892Z] <<< [apiv2][status] GET https://serviceusage.googleapis.com/v1/projects/fyp-iot-dff3a/services/firestore.googleapis.com 200
[debug] [2024-06-11T13:19:19.892Z] <<< [apiv2][body] GET https://serviceusage.googleapis.com/v1/projects/fyp-iot-dff3a/services/firestore.googleapis.com [omitted]
[debug] [2024-06-11T13:19:19.892Z] >>> [apiv2][query] GET https://firestore.googleapis.com/v1/projects/fyp-iot-dff3a/databases/(default) [none]
[debug] [2024-06-11T13:19:20.245Z] <<< [apiv2][status] GET https://firestore.googleapis.com/v1/projects/fyp-iot-dff3a/databases/(default) 200
[debug] [2024-06-11T13:19:20.245Z] <<< [apiv2][body] GET https://firestore.googleapis.com/v1/projects/fyp-iot-dff3a/databases/(default) {"name":"projects/fyp-iot-dff3a/databases/(default)","uid":"0c993800-e7f7-4ceb-a249-000eb3369803","createTime":"2024-05-12T17:56:09.790387Z","updateTime":"2024-05-12T17:56:09.790387Z","locationId":"asia-southeast1","type":"FIRESTORE_NATIVE","concurrencyMode":"PESSIMISTIC","versionRetentionPeriod":"3600s","earliestVersionTime":"2024-06-11T12:19:20.815219Z","appEngineIntegrationMode":"DISABLED","keyPrefix":"zas","pointInTimeRecoveryEnablement":"POINT_IN_TIME_RECOVERY_DISABLED","deleteProtectionState":"DELETE_PROTECTION_DISABLED","etag":"IK2o7+jR04YDMIv1jIXYiIYD"}
[debug] [2024-06-11T13:19:20.245Z] database_type: FIRESTORE_NATIVE
[debug] [2024-06-11T13:19:20.245Z] > command requires scopes: ["email","openid","https://www.googleapis.com/auth/cloudplatformprojects.readonly","https://www.googleapis.com/auth/firebase","https://www.googleapis.com/auth/cloud-platform"]
[debug] [2024-06-11T13:19:20.245Z] > authorizing via signed-in user (minghong0964@gmail.com)
[debug] [2024-06-11T13:19:20.245Z] [iam] checking project fyp-iot-dff3a for permissions ["firebase.projects.get"]
[debug] [2024-06-11T13:19:20.246Z] >>> [apiv2][query] POST https://cloudresourcemanager.googleapis.com/v1/projects/fyp-iot-dff3a:testIamPermissions [none]
[debug] [2024-06-11T13:19:20.246Z] >>> [apiv2][(partial)header] POST https://cloudresourcemanager.googleapis.com/v1/projects/fyp-iot-dff3a:testIamPermissions x-goog-quota-user=projects/fyp-iot-dff3a
[debug] [2024-06-11T13:19:20.246Z] >>> [apiv2][body] POST https://cloudresourcemanager.googleapis.com/v1/projects/fyp-iot-dff3a:testIamPermissions {"permissions":["firebase.projects.get"]}
[debug] [2024-06-11T13:19:21.353Z] <<< [apiv2][status] POST https://cloudresourcemanager.googleapis.com/v1/projects/fyp-iot-dff3a:testIamPermissions 200
[debug] [2024-06-11T13:19:21.353Z] <<< [apiv2][body] POST https://cloudresourcemanager.googleapis.com/v1/projects/fyp-iot-dff3a:testIamPermissions {"permissions":["firebase.projects.get"]}
[info] 
[info] Firestore Security Rules allow you to define how and when to allow
[info] requests. You can keep these rules in your project directory
[info] and publish them with firebase deploy.
[info] 
[debug] [2024-06-11T13:19:23.837Z] >>> [apiv2][query] GET https://firebaserules.googleapis.com/v1/projects/fyp-iot-dff3a/releases pageSize=10&pageToken=
[debug] [2024-06-11T13:19:25.296Z] <<< [apiv2][status] GET https://firebaserules.googleapis.com/v1/projects/fyp-iot-dff3a/releases 200
[debug] [2024-06-11T13:19:25.296Z] <<< [apiv2][body] GET https://firebaserules.googleapis.com/v1/projects/fyp-iot-dff3a/releases {"releases":[{"name":"projects/fyp-iot-dff3a/releases/cloud.firestore","rulesetName":"projects/fyp-iot-dff3a/rulesets/794f4bb5-4a8d-44f6-99da-c8da56c7c3a8","createTime":"2024-05-12T17:56:16.356516Z","updateTime":"2024-05-12T17:56:16.356516Z"}]}
[debug] [2024-06-11T13:19:25.296Z] Found ruleset: projects/fyp-iot-dff3a/rulesets/794f4bb5-4a8d-44f6-99da-c8da56c7c3a8
[debug] [2024-06-11T13:19:25.296Z] >>> [apiv2][query] GET https://firebaserules.googleapis.com/v1/projects/fyp-iot-dff3a/rulesets/794f4bb5-4a8d-44f6-99da-c8da56c7c3a8 [none]
[debug] [2024-06-11T13:19:26.605Z] <<< [apiv2][status] GET https://firebaserules.googleapis.com/v1/projects/fyp-iot-dff3a/rulesets/794f4bb5-4a8d-44f6-99da-c8da56c7c3a8 200
[debug] [2024-06-11T13:19:26.605Z] <<< [apiv2][body] GET https://firebaserules.googleapis.com/v1/projects/fyp-iot-dff3a/rulesets/794f4bb5-4a8d-44f6-99da-c8da56c7c3a8 [omitted]
[info] 
[info] Firestore indexes allow you to perform complex queries while
[info] maintaining performance that scales with the size of the result
[info] set. You can keep index definitions in your project directory
[info] and publish them with firebase deploy.
[info] 
[debug] [2024-06-11T13:19:28.655Z] >>> [apiv2][query] GET https://firestore.googleapis.com/v1/projects/fyp-iot-dff3a/databases/(default)/collectionGroups/-/indexes [none]
[debug] [2024-06-11T13:19:28.657Z] >>> [apiv2][query] GET https://firestore.googleapis.com/v1/projects/fyp-iot-dff3a/databases/(default)/collectionGroups/-/fields?filter=indexConfig.usesAncestorConfig=false OR ttlConfig:* [none]
[debug] [2024-06-11T13:19:28.811Z] <<< [apiv2][status] GET https://firestore.googleapis.com/v1/projects/fyp-iot-dff3a/databases/(default)/collectionGroups/-/indexes 200
[debug] [2024-06-11T13:19:28.811Z] <<< [apiv2][body] GET https://firestore.googleapis.com/v1/projects/fyp-iot-dff3a/databases/(default)/collectionGroups/-/indexes {}
[debug] [2024-06-11T13:19:28.930Z] <<< [apiv2][status] GET https://firestore.googleapis.com/v1/projects/fyp-iot-dff3a/databases/(default)/collectionGroups/-/fields?filter=indexConfig.usesAncestorConfig=false OR ttlConfig:* 200
[debug] [2024-06-11T13:19:28.930Z] <<< [apiv2][body] GET https://firestore.googleapis.com/v1/projects/fyp-iot-dff3a/databases/(default)/collectionGroups/-/fields?filter=indexConfig.usesAncestorConfig=false OR ttlConfig:* {"fields":[{"name":"projects/fyp-iot-dff3a/databases/(default)/collectionGroups/__default__/fields/*","indexConfig":{"indexes":[{"queryScope":"COLLECTION","fields":[{"fieldPath":"*","order":"ASCENDING"}],"state":"READY"},{"queryScope":"COLLECTION","fields":[{"fieldPath":"*","order":"DESCENDING"}],"state":"READY"},{"queryScope":"COLLECTION","fields":[{"fieldPath":"*","arrayConfig":"CONTAINS"}],"state":"READY"}]}}]}
[info] 
=== Functions Setup
[debug] [2024-06-11T13:19:28.932Z] > command requires scopes: ["email","openid","https://www.googleapis.com/auth/cloudplatformprojects.readonly","https://www.googleapis.com/auth/firebase","https://www.googleapis.com/auth/cloud-platform"]
[debug] [2024-06-11T13:19:28.932Z] > authorizing via signed-in user (minghong0964@gmail.com)
[debug] [2024-06-11T13:19:28.932Z] [iam] checking project fyp-iot-dff3a for permissions ["firebase.projects.get"]
[debug] [2024-06-11T13:19:28.932Z] >>> [apiv2][query] POST https://cloudresourcemanager.googleapis.com/v1/projects/fyp-iot-dff3a:testIamPermissions [none]
[debug] [2024-06-11T13:19:28.932Z] >>> [apiv2][(partial)header] POST https://cloudresourcemanager.googleapis.com/v1/projects/fyp-iot-dff3a:testIamPermissions x-goog-quota-user=projects/fyp-iot-dff3a
[debug] [2024-06-11T13:19:28.932Z] >>> [apiv2][body] POST https://cloudresourcemanager.googleapis.com/v1/projects/fyp-iot-dff3a:testIamPermissions {"permissions":["firebase.projects.get"]}
[debug] [2024-06-11T13:19:29.995Z] <<< [apiv2][status] POST https://cloudresourcemanager.googleapis.com/v1/projects/fyp-iot-dff3a:testIamPermissions 200
[debug] [2024-06-11T13:19:29.995Z] <<< [apiv2][body] POST https://cloudresourcemanager.googleapis.com/v1/projects/fyp-iot-dff3a:testIamPermissions {"permissions":["firebase.projects.get"]}
[debug] [2024-06-11T13:19:29.995Z] >>> [apiv2][query] GET https://serviceusage.googleapis.com/v1/projects/fyp-iot-dff3a/services/cloudfunctions.googleapis.com [none]
[debug] [2024-06-11T13:19:29.995Z] >>> [apiv2][(partial)header] GET https://serviceusage.googleapis.com/v1/projects/fyp-iot-dff3a/services/cloudfunctions.googleapis.com x-goog-quota-user=projects/fyp-iot-dff3a
[debug] [2024-06-11T13:19:29.997Z] >>> [apiv2][query] GET https://serviceusage.googleapis.com/v1/projects/fyp-iot-dff3a/services/runtimeconfig.googleapis.com [none]
[debug] [2024-06-11T13:19:29.997Z] >>> [apiv2][(partial)header] GET https://serviceusage.googleapis.com/v1/projects/fyp-iot-dff3a/services/runtimeconfig.googleapis.com x-goog-quota-user=projects/fyp-iot-dff3a
[debug] [2024-06-11T13:19:31.399Z] <<< [apiv2][status] GET https://serviceusage.googleapis.com/v1/projects/fyp-iot-dff3a/services/runtimeconfig.googleapis.com 200
[debug] [2024-06-11T13:19:31.399Z] <<< [apiv2][body] GET https://serviceusage.googleapis.com/v1/projects/fyp-iot-dff3a/services/runtimeconfig.googleapis.com [omitted]
[debug] [2024-06-11T13:19:31.418Z] <<< [apiv2][status] GET https://serviceusage.googleapis.com/v1/projects/fyp-iot-dff3a/services/cloudfunctions.googleapis.com 200
[debug] [2024-06-11T13:19:31.419Z] <<< [apiv2][body] GET https://serviceusage.googleapis.com/v1/projects/fyp-iot-dff3a/services/cloudfunctions.googleapis.com [omitted]
[info] Let's create a new codebase for your functions.
[info] A directory corresponding to the codebase will be created in your project
[info] with sample code pre-configured.

[info] See https://firebase.google.com/docs/functions/organize-functions for
[info] more information on organizing your functions using codebases.

[info] Functions can be deployed with firebase deploy.

[info] +  Wrote functions/package.json 
[info] +  Wrote functions/.eslintrc.js 
[info] +  Wrote functions/index.js 
[info] +  Wrote functions/.gitignore 
[info] 
=== Hosting Setup
[debug] [2024-06-11T13:19:46.130Z] >>> [apiv2][query] GET https://firebase.googleapis.com/v1beta1/projects/fyp-iot-dff3a [none]
[debug] [2024-06-11T13:19:46.666Z] <<< [apiv2][status] GET https://firebase.googleapis.com/v1beta1/projects/fyp-iot-dff3a 200
[debug] [2024-06-11T13:19:46.666Z] <<< [apiv2][body] GET https://firebase.googleapis.com/v1beta1/projects/fyp-iot-dff3a {"projectId":"fyp-iot-dff3a","projectNumber":"683844098111","displayName":"FYP-iot","name":"projects/fyp-iot-dff3a","resources":{"hostingSite":"fyp-iot-dff3a","realtimeDatabaseInstance":"fyp-iot-dff3a-default-rtdb"},"state":"ACTIVE","etag":"1_f69c02a1-3053-4732-be59-8c60c3f8ee97"}
[info] 
[info] Your public directory is the folder (relative to your project directory) that
[info] will contain Hosting assets to be uploaded with firebase deploy. If you
[info] have a build process for your assets, use your build's output directory.
[info] 
[debug] [2024-06-11T13:19:58.373Z] >>> [apiv2][query] GET https://www.gstatic.com/firebasejs/releases.json [none]
[debug] [2024-06-11T13:19:58.442Z] <<< [apiv2][status] GET https://www.gstatic.com/firebasejs/releases.json 200
[debug] [2024-06-11T13:19:58.442Z] <<< [apiv2][body] GET https://www.gstatic.com/firebasejs/releases.json {"current":{"version":"10.12.2","browserURL":"https://www.gstatic.com/firebasejs/10.12.2/firebase.js","packageURL":"https://www.gstatic.com/firebasejs/10.12.2/firebase.tgz"},"live":{"version":"10.12","browserURL":"https://www.gstatic.com/firebasejs/live/10.12/firebase.js","packageURL":"https://www.gstatic.com/firebasejs/live/10.12/firebase.tgz"},"components":{"analytics":"https://www.gstatic.com/firebasejs/10.12.2/firebase-analytics.js","app":"https://www.gstatic.com/firebasejs/10.12.2/firebase-app.js","app-check":"https://www.gstatic.com/firebasejs/10.12.2/firebase-app-check.js","auth":"https://www.gstatic.com/firebasejs/10.12.2/firebase-auth.js","auth/cordova":"https://www.gstatic.com/firebasejs/10.12.2/firebase-auth/cordova.js","auth/web-extension":"https://www.gstatic.com/firebasejs/10.12.2/firebase-auth/web-extension.js","functions":"https://www.gstatic.com/firebasejs/10.12.2/firebase-functions.js","firestore":"https://www.gstatic.com/firebasejs/10.12.2/firebase-firestore.js","firestore/lite":"https://www.gstatic.com/firebasejs/10.12.2/firebase-firestore/lite.js","installations":"https://www.gstatic.com/firebasejs/10.12.2/firebase-installations.js","storage":"https://www.gstatic.com/firebasejs/10.12.2/firebase-storage.js","performance":"https://www.gstatic.com/firebasejs/10.12.2/firebase-performance.js","remote-config":"https://www.gstatic.com/firebasejs/10.12.2/firebase-remote-config.js","messaging":"https://www.gstatic.com/firebasejs/10.12.2/firebase-messaging.js","messaging/sw":"https://www.gstatic.com/firebasejs/10.12.2/firebase-messaging/sw.js","database":"https://www.gstatic.com/firebasejs/10.12.2/firebase-database.js","vertexai-preview":"https://www.gstatic.com/firebasejs/10.12.2/firebase-vertexai-preview.js","firestore.memory":"https://www.gstatic.com/firebasejs/10.12.2/firebase-firestore.memory.js"}}
[info] i  Skipping write of sneat-1.0.0/index.html 
[info] 
[info] i  Didn't detect a .git folder. Assuming C:\laragon\www\admin-iot is the project root. 
[info] i  Authorizing with GitHub to upload your service account to a GitHub repository's secrets store. 
[info] 
[info] Visit this URL on this device to log in:
[info] https://github.com/login/oauth/authorize?client_id=89cf50f02ac6aaed3484&state=149233455&redirect_uri=http%3A%2F%2Flocalhost%3A9005&scope=read%3Auser%20repo%20public_repo
[info] 
[info] Waiting for authentication...
[debug] [2024-06-11T13:20:38.995Z] >>> [apiv2][query] POST https://github.com/login/oauth/access_token [none]
[debug] [2024-06-11T13:20:38.995Z] >>> [apiv2][body] POST https://github.com/login/oauth/access_token [stream]
[debug] [2024-06-11T13:20:39.439Z] <<< [apiv2][status] POST https://github.com/login/oauth/access_token 200
[debug] [2024-06-11T13:20:39.440Z] <<< [apiv2][body] POST https://github.com/login/oauth/access_token {"access_token":"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","token_type":"bearer","scope":"read:user,repo"}
[debug] [2024-06-11T13:20:39.448Z] >>> [apiv2][query] GET https://api.github.com/user [none]
[debug] [2024-06-11T13:20:39.973Z] <<< [apiv2][status] GET https://api.github.com/user 200
[debug] [2024-06-11T13:20:39.973Z] <<< [apiv2][body] GET https://api.github.com/user {"login":"kang8589","id":30149313,"node_id":"MDQ6VXNlcjMwMTQ5MzEz","avatar_url":"https://avatars.githubusercontent.com/u/30149313?v=4","gravatar_id":"","url":"https://api.github.com/users/kang8589","html_url":"https://github.com/kang8589","followers_url":"https://api.github.com/users/kang8589/followers","following_url":"https://api.github.com/users/kang8589/following{/other_user}","gists_url":"https://api.github.com/users/kang8589/gists{/gist_id}","starred_url":"https://api.github.com/users/kang8589/starred{/owner}{/repo}","subscriptions_url":"https://api.github.com/users/kang8589/subscriptions","organizations_url":"https://api.github.com/users/kang8589/orgs","repos_url":"https://api.github.com/users/kang8589/repos","events_url":"https://api.github.com/users/kang8589/events{/privacy}","received_events_url":"https://api.github.com/users/kang8589/received_events","type":"User","site_admin":false,"name":null,"company":null,"blog":"","location":null,"email":null,"hireable":null,"bio":null,"twitter_username":null,"public_repos":1,"public_gists":0,"followers":0,"following":0,"created_at":"2017-07-13T12:34:21Z","updated_at":"2024-05-15T08:21:55Z","private_gists":0,"total_private_repos":4,"owned_private_repos":4,"disk_usage":1416,"collaborators":4,"two_factor_authentication":false,"plan":{"name":"free","space":976562499,"collaborators":0,"private_repos":10000}}
[info] 
[info] +  Success! Logged into GitHub as kang8589 
[info] 
[debug] [2024-06-11T13:21:03.928Z] >>> [apiv2][query] GET https://api.github.com/repos//actions/secrets/public-key type=owner
[debug] [2024-06-11T13:21:04.308Z] <<< [apiv2][status] GET https://api.github.com/repos//actions/secrets/public-key 404
[debug] [2024-06-11T13:21:04.308Z] <<< [apiv2][body] GET https://api.github.com/repos//actions/secrets/public-key {"message":"Not Found","documentation_url":"https://docs.github.com/rest","status":"404"}
[info] 
[info] 
[error] !  The provided authorization cannot be used with this repository. If this repository is in an organization, did you remember to grant access? 
[info] 
[info] i  Action required: Visit this URL to ensure access has been granted to the appropriate organization(s) for the Firebase CLI GitHub OAuth App: 
[info] https://github.com/settings/connections/applications/89cf50f02ac6aaed3484
[info] 
[debug] [2024-06-11T13:22:27.101Z] >>> [apiv2][query] GET https://api.github.com/repos/admin-iot/actions/secrets/public-key type=owner
[debug] [2024-06-11T13:22:27.670Z] <<< [apiv2][status] GET https://api.github.com/repos/admin-iot/actions/secrets/public-key 404
[debug] [2024-06-11T13:22:27.671Z] <<< [apiv2][body] GET https://api.github.com/repos/admin-iot/actions/secrets/public-key {"message":"Not Found","documentation_url":"https://docs.github.com/rest","status":"404"}
[info] 
[info] 
[error] !  The provided authorization cannot be used with this repository. If this repository is in an organization, did you remember to grant access? 
[info] 
[info] i  Action required: Visit this URL to ensure access has been granted to the appropriate organization(s) for the Firebase CLI GitHub OAuth App: 
[info] https://github.com/settings/connections/applications/89cf50f02ac6aaed3484
[info] 
[debug] [2024-06-11T13:22:56.108Z] >>> [apiv2][query] GET https://api.github.com/repos/admin-iot/actions/secrets/public-key type=owner
[debug] [2024-06-11T13:22:56.490Z] <<< [apiv2][status] GET https://api.github.com/repos/admin-iot/actions/secrets/public-key 404
[debug] [2024-06-11T13:22:56.491Z] <<< [apiv2][body] GET https://api.github.com/repos/admin-iot/actions/secrets/public-key {"message":"Not Found","documentation_url":"https://docs.github.com/rest","status":"404"}
[info] 
[info] 
[error] !  The provided authorization cannot be used with this repository. If this repository is in an organization, did you remember to grant access? 
[info] 
[info] i  Action required: Visit this URL to ensure access has been granted to the appropriate organization(s) for the Firebase CLI GitHub OAuth App: 
[info] https://github.com/settings/connections/applications/89cf50f02ac6aaed3484
[info] 
[debug] [2024-06-11T13:23:03.130Z] >>> [apiv2][query] GET https://api.github.com/repos//actions/secrets/public-key type=owner
[debug] [2024-06-11T13:23:03.642Z] <<< [apiv2][status] GET https://api.github.com/repos//actions/secrets/public-key 404
[debug] [2024-06-11T13:23:03.642Z] <<< [apiv2][body] GET https://api.github.com/repos//actions/secrets/public-key {"message":"Not Found","documentation_url":"https://docs.github.com/rest","status":"404"}
[info] 
[info] 
[error] !  The provided authorization cannot be used with this repository. If this repository is in an organization, did you remember to grant access? 
[info] 
[info] i  Action required: Visit this URL to ensure access has been granted to the appropriate organization(s) for the Firebase CLI GitHub OAuth App: 
[info] https://github.com/settings/connections/applications/89cf50f02ac6aaed3484
[info] 
